<?xml version="1.0" encoding="UTF-8"?>
<!-- Generated by org.testng.reporters.JUnitReportReporter -->
<testsuite hostname="EPRUMOSL0208" name="com.example.tests.GroupCreationTests" tests="2" failures="0" timestamp="4 Jul 2015 07:07:05 GMT" time="2.048" errors="0">
  <testcase name="testNonEmptyGroupCreation" time="0.907" classname="com.example.tests.GroupCreationTests"/>
  <testcase name="testEmptyGroupCreation" time="1.141" classname="com.example.tests.GroupCreationTests"/>
</testsuite> <!-- com.example.tests.GroupCreationTests -->
